<?xml version="1.0" encoding="UTF-8"?>
<!-- Generated by org.testng.reporters.JUnitReportReporter -->
<testsuite hostname="DESKTOP-DLI52N7" failures="0" tests="1" name="testPackage.ActiTimeInvalidLogin" time="63.501" errors="0" timestamp="2023-02-04T13:16:39 IST" skipped="0">
  <testcase classname="testPackage.ActiTimeInvalidLogin" name="invalidLoginToActiTime" time="63.501"/>
  <system-out/>
</testsuite> <!-- testPackage.ActiTimeInvalidLogin -->
