<?xml version="1.0" encoding="UTF-8"?>
<!-- Generated by org.testng.reporters.JUnitReportReporter -->
<testsuite hostname="DESKTOP-DLI52N7" failures="0" tests="1" name="testPackage.TestActiTimeLogout" time="8.916" errors="0" timestamp="2023-02-04T13:16:39 IST" skipped="0">
  <testcase classname="testPackage.TestActiTimeLogout" name="logout" time="8.916"/>
  <system-out/>
</testsuite> <!-- testPackage.TestActiTimeLogout -->
